CRITICAL - 2020-11-30 07:30:03 --> Unable to connect to the database.
#0 D:\YUSYFI\KULIAH\Semester 5\Rekweb\Software\xampp\htdocs\ci4app\vendor\codeigniter4\framework\system\Database\BaseConnection.php(646): CodeIgniter\Database\BaseConnection->initialize()
#1 D:\YUSYFI\KULIAH\Semester 5\Rekweb\Software\xampp\htdocs\ci4app\vendor\codeigniter4\framework\system\Database\BaseBuilder.php(1860): CodeIgniter\Database\BaseConnection->query('SELECT *\nFROM `...', Array, false)
#2 D:\YUSYFI\KULIAH\Semester 5\Rekweb\Software\xampp\htdocs\ci4app\vendor\codeigniter4\framework\system\Model.php(462): CodeIgniter\Database\BaseBuilder->get()
#3 D:\YUSYFI\KULIAH\Semester 5\Rekweb\Software\xampp\htdocs\ci4app\app\Models\KomikModel.php(16): CodeIgniter\Model->findAll()
#4 D:\YUSYFI\KULIAH\Semester 5\Rekweb\Software\xampp\htdocs\ci4app\app\Controllers\Komik.php(21): App\Models\KomikModel->getKomik()
#5 D:\YUSYFI\KULIAH\Semester 5\Rekweb\Software\xampp\htdocs\ci4app\vendor\codeigniter4\framework\system\CodeIgniter.php(918): App\Controllers\Komik->index()
#6 D:\YUSYFI\KULIAH\Semester 5\Rekweb\Software\xampp\htdocs\ci4app\vendor\codeigniter4\framework\system\CodeIgniter.php(404): CodeIgniter\CodeIgniter->runController(Object(App\Controllers\Komik))
#7 D:\YUSYFI\KULIAH\Semester 5\Rekweb\Software\xampp\htdocs\ci4app\vendor\codeigniter4\framework\system\CodeIgniter.php(312): CodeIgniter\CodeIgniter->handleRequest(NULL, Object(Config\Cache), false)
#8 D:\YUSYFI\KULIAH\Semester 5\Rekweb\Software\xampp\htdocs\ci4app\public\index.php(45): CodeIgniter\CodeIgniter->run()
#9 D:\YUSYFI\KULIAH\Semester 5\Rekweb\Software\xampp\htdocs\ci4app\vendor\codeigniter4\framework\system\Commands\Server\rewrite.php(34): require_once('D:\\YUSYFI\\KULIA...')
#10 {main}
CRITICAL - 2020-11-30 07:36:47 --> Unable to connect to the database.
#0 D:\YUSYFI\KULIAH\Semester 5\Rekweb\Software\xampp\htdocs\ci4app\vendor\codeigniter4\framework\system\Database\Database.php(109): CodeIgniter\Database\BaseConnection->initialize()
#1 D:\YUSYFI\KULIAH\Semester 5\Rekweb\Software\xampp\htdocs\ci4app\vendor\codeigniter4\framework\system\Database\Config.php(148): CodeIgniter\Database\Database->loadForge(Object(CodeIgniter\Database\SQLite3\Connection))
#2 D:\YUSYFI\KULIAH\Semester 5\Rekweb\Software\xampp\htdocs\ci4app\vendor\codeigniter4\framework\system\Database\Migration.php(78): CodeIgniter\Database\Config::forge('tests')
#3 D:\YUSYFI\KULIAH\Semester 5\Rekweb\Software\xampp\htdocs\ci4app\vendor\codeigniter4\framework\system\Database\MigrationRunner.php(1026): CodeIgniter\Database\Migration->__construct()
#4 D:\YUSYFI\KULIAH\Semester 5\Rekweb\Software\xampp\htdocs\ci4app\vendor\codeigniter4\framework\system\Database\MigrationRunner.php(223): CodeIgniter\Database\MigrationRunner->migrate('up', Object(stdClass))
#5 D:\YUSYFI\KULIAH\Semester 5\Rekweb\Software\xampp\htdocs\ci4app\vendor\codeigniter4\framework\system\Commands\Database\Migrate.php(128): CodeIgniter\Database\MigrationRunner->latest(NULL)
#6 D:\YUSYFI\KULIAH\Semester 5\Rekweb\Software\xampp\htdocs\ci4app\vendor\codeigniter4\framework\system\CLI\Commands.php(100): CodeIgniter\Commands\Database\Migrate->run(Array)
#7 D:\YUSYFI\KULIAH\Semester 5\Rekweb\Software\xampp\htdocs\ci4app\vendor\codeigniter4\framework\system\CLI\CommandRunner.php(107): CodeIgniter\CLI\Commands->run('migrate', Array)
#8 D:\YUSYFI\KULIAH\Semester 5\Rekweb\Software\xampp\htdocs\ci4app\vendor\codeigniter4\framework\system\CLI\CommandRunner.php(85): CodeIgniter\CLI\CommandRunner->index(Array)
#9 D:\YUSYFI\KULIAH\Semester 5\Rekweb\Software\xampp\htdocs\ci4app\vendor\codeigniter4\framework\system\CodeIgniter.php(914): CodeIgniter\CLI\CommandRunner->_remap('index', 'migrate')
#10 D:\YUSYFI\KULIAH\Semester 5\Rekweb\Software\xampp\htdocs\ci4app\vendor\codeigniter4\framework\system\CodeIgniter.php(404): CodeIgniter\CodeIgniter->runController(Object(CodeIgniter\CLI\CommandRunner))
#11 D:\YUSYFI\KULIAH\Semester 5\Rekweb\Software\xampp\htdocs\ci4app\vendor\codeigniter4\framework\system\CodeIgniter.php(312): CodeIgniter\CodeIgniter->handleRequest(NULL, Object(Config\Cache), false)
#12 D:\YUSYFI\KULIAH\Semester 5\Rekweb\Software\xampp\htdocs\ci4app\vendor\codeigniter4\framework\system\CLI\Console.php(86): CodeIgniter\CodeIgniter->run()
#13 D:\YUSYFI\KULIAH\Semester 5\Rekweb\Software\xampp\htdocs\ci4app\spark(57): CodeIgniter\CLI\Console->run()
#14 {main}
CRITICAL - 2020-11-30 07:43:50 --> syntax error, unexpected ''login'' (T_CONSTANT_ENCAPSED_STRING), expecting ']'
#0 D:\YUSYFI\KULIAH\Semester 5\Rekweb\Software\xampp\htdocs\ci4app\vendor\codeigniter4\framework\system\Autoloader\Autoloader.php(296): CodeIgniter\Autoloader\Autoloader->requireFile('D:\\YUSYFI\\KULIA...')
#1 D:\YUSYFI\KULIAH\Semester 5\Rekweb\Software\xampp\htdocs\ci4app\vendor\codeigniter4\framework\system\Autoloader\Autoloader.php(258): CodeIgniter\Autoloader\Autoloader->loadInNamespace('Config\\Filters')
#2 [internal function]: CodeIgniter\Autoloader\Autoloader->loadClass('Config\\Filters')
#3 D:\YUSYFI\KULIAH\Semester 5\Rekweb\Software\xampp\htdocs\ci4app\vendor\codeigniter4\framework\system\Config\Services.php(322): spl_autoload_call('Config\\Filters')
#4 D:\YUSYFI\KULIAH\Semester 5\Rekweb\Software\xampp\htdocs\ci4app\vendor\codeigniter4\framework\system\Config\BaseService.php(123): CodeIgniter\Config\Services::filters(NULL, false)
#5 D:\YUSYFI\KULIAH\Semester 5\Rekweb\Software\xampp\htdocs\ci4app\vendor\codeigniter4\framework\system\Config\Services.php(317): CodeIgniter\Config\BaseService::getSharedInstance('filters', NULL)
#6 D:\YUSYFI\KULIAH\Semester 5\Rekweb\Software\xampp\htdocs\ci4app\vendor\codeigniter4\framework\system\CodeIgniter.php(367): CodeIgniter\Config\Services::filters()
#7 D:\YUSYFI\KULIAH\Semester 5\Rekweb\Software\xampp\htdocs\ci4app\vendor\codeigniter4\framework\system\CodeIgniter.php(312): CodeIgniter\CodeIgniter->handleRequest(NULL, Object(Config\Cache), false)
#8 D:\YUSYFI\KULIAH\Semester 5\Rekweb\Software\xampp\htdocs\ci4app\public\index.php(45): CodeIgniter\CodeIgniter->run()
#9 D:\YUSYFI\KULIAH\Semester 5\Rekweb\Software\xampp\htdocs\ci4app\vendor\codeigniter4\framework\system\Commands\Server\rewrite.php(34): require_once('D:\\YUSYFI\\KULIA...')
#10 {main}
