CRITICAL - 2020-11-01 06:56:22 --> Unable to connect to the database.
#0 D:\YUSYFI\KULIAH\Semester 5\Rekweb\Software\xampp\htdocs\ci4app\vendor\codeigniter4\framework\system\Database\BaseConnection.php(646): CodeIgniter\Database\BaseConnection->initialize()
#1 D:\YUSYFI\KULIAH\Semester 5\Rekweb\Software\xampp\htdocs\ci4app\vendor\codeigniter4\framework\system\Database\BaseBuilder.php(1860): CodeIgniter\Database\BaseConnection->query('SELECT *\nFROM `...', Array, false)
#2 D:\YUSYFI\KULIAH\Semester 5\Rekweb\Software\xampp\htdocs\ci4app\vendor\codeigniter4\framework\system\Model.php(462): CodeIgniter\Database\BaseBuilder->get()
#3 D:\YUSYFI\KULIAH\Semester 5\Rekweb\Software\xampp\htdocs\ci4app\app\Models\KomikModel.php(16): CodeIgniter\Model->findAll()
#4 D:\YUSYFI\KULIAH\Semester 5\Rekweb\Software\xampp\htdocs\ci4app\app\Controllers\Komik.php(21): App\Models\KomikModel->getKomik()
#5 D:\YUSYFI\KULIAH\Semester 5\Rekweb\Software\xampp\htdocs\ci4app\vendor\codeigniter4\framework\system\CodeIgniter.php(918): App\Controllers\Komik->index()
#6 D:\YUSYFI\KULIAH\Semester 5\Rekweb\Software\xampp\htdocs\ci4app\vendor\codeigniter4\framework\system\CodeIgniter.php(404): CodeIgniter\CodeIgniter->runController(Object(App\Controllers\Komik))
#7 D:\YUSYFI\KULIAH\Semester 5\Rekweb\Software\xampp\htdocs\ci4app\vendor\codeigniter4\framework\system\CodeIgniter.php(312): CodeIgniter\CodeIgniter->handleRequest(NULL, Object(Config\Cache), false)
#8 D:\YUSYFI\KULIAH\Semester 5\Rekweb\Software\xampp\htdocs\ci4app\public\index.php(45): CodeIgniter\CodeIgniter->run()
#9 D:\YUSYFI\KULIAH\Semester 5\Rekweb\Software\xampp\htdocs\ci4app\vendor\codeigniter4\framework\system\Commands\Server\rewrite.php(34): require_once('D:\\YUSYFI\\KULIA...')
#10 {main}
CRITICAL - 2020-11-01 06:59:32 --> Unable to connect to the database.
#0 D:\YUSYFI\KULIAH\Semester 5\Rekweb\Software\xampp\htdocs\ci4app\vendor\codeigniter4\framework\system\Database\BaseConnection.php(646): CodeIgniter\Database\BaseConnection->initialize()
#1 D:\YUSYFI\KULIAH\Semester 5\Rekweb\Software\xampp\htdocs\ci4app\vendor\codeigniter4\framework\system\Database\BaseBuilder.php(1860): CodeIgniter\Database\BaseConnection->query('SELECT *\nFROM `...', Array, false)
#2 D:\YUSYFI\KULIAH\Semester 5\Rekweb\Software\xampp\htdocs\ci4app\vendor\codeigniter4\framework\system\Model.php(462): CodeIgniter\Database\BaseBuilder->get()
#3 D:\YUSYFI\KULIAH\Semester 5\Rekweb\Software\xampp\htdocs\ci4app\app\Models\KomikModel.php(16): CodeIgniter\Model->findAll()
#4 D:\YUSYFI\KULIAH\Semester 5\Rekweb\Software\xampp\htdocs\ci4app\app\Controllers\Komik.php(21): App\Models\KomikModel->getKomik()
#5 D:\YUSYFI\KULIAH\Semester 5\Rekweb\Software\xampp\htdocs\ci4app\vendor\codeigniter4\framework\system\CodeIgniter.php(918): App\Controllers\Komik->index()
#6 D:\YUSYFI\KULIAH\Semester 5\Rekweb\Software\xampp\htdocs\ci4app\vendor\codeigniter4\framework\system\CodeIgniter.php(404): CodeIgniter\CodeIgniter->runController(Object(App\Controllers\Komik))
#7 D:\YUSYFI\KULIAH\Semester 5\Rekweb\Software\xampp\htdocs\ci4app\vendor\codeigniter4\framework\system\CodeIgniter.php(312): CodeIgniter\CodeIgniter->handleRequest(NULL, Object(Config\Cache), false)
#8 D:\YUSYFI\KULIAH\Semester 5\Rekweb\Software\xampp\htdocs\ci4app\public\index.php(45): CodeIgniter\CodeIgniter->run()
#9 D:\YUSYFI\KULIAH\Semester 5\Rekweb\Software\xampp\htdocs\ci4app\vendor\codeigniter4\framework\system\Commands\Server\rewrite.php(34): require_once('D:\\YUSYFI\\KULIA...')
#10 {main}
CRITICAL - 2020-11-01 06:59:43 --> Unable to connect to the database.
#0 D:\YUSYFI\KULIAH\Semester 5\Rekweb\Software\xampp\htdocs\ci4app\vendor\codeigniter4\framework\system\Database\BaseConnection.php(646): CodeIgniter\Database\BaseConnection->initialize()
#1 D:\YUSYFI\KULIAH\Semester 5\Rekweb\Software\xampp\htdocs\ci4app\vendor\codeigniter4\framework\system\Database\BaseBuilder.php(1860): CodeIgniter\Database\BaseConnection->query('SELECT *\nFROM `...', Array, false)
#2 D:\YUSYFI\KULIAH\Semester 5\Rekweb\Software\xampp\htdocs\ci4app\vendor\codeigniter4\framework\system\Model.php(462): CodeIgniter\Database\BaseBuilder->get()
#3 D:\YUSYFI\KULIAH\Semester 5\Rekweb\Software\xampp\htdocs\ci4app\app\Models\KomikModel.php(16): CodeIgniter\Model->findAll()
#4 D:\YUSYFI\KULIAH\Semester 5\Rekweb\Software\xampp\htdocs\ci4app\app\Controllers\Komik.php(21): App\Models\KomikModel->getKomik()
#5 D:\YUSYFI\KULIAH\Semester 5\Rekweb\Software\xampp\htdocs\ci4app\vendor\codeigniter4\framework\system\CodeIgniter.php(918): App\Controllers\Komik->index()
#6 D:\YUSYFI\KULIAH\Semester 5\Rekweb\Software\xampp\htdocs\ci4app\vendor\codeigniter4\framework\system\CodeIgniter.php(404): CodeIgniter\CodeIgniter->runController(Object(App\Controllers\Komik))
#7 D:\YUSYFI\KULIAH\Semester 5\Rekweb\Software\xampp\htdocs\ci4app\vendor\codeigniter4\framework\system\CodeIgniter.php(312): CodeIgniter\CodeIgniter->handleRequest(NULL, Object(Config\Cache), false)
#8 D:\YUSYFI\KULIAH\Semester 5\Rekweb\Software\xampp\htdocs\ci4app\public\index.php(45): CodeIgniter\CodeIgniter->run()
#9 D:\YUSYFI\KULIAH\Semester 5\Rekweb\Software\xampp\htdocs\ci4app\vendor\codeigniter4\framework\system\Commands\Server\rewrite.php(34): require_once('D:\\YUSYFI\\KULIA...')
#10 {main}
CRITICAL - 2020-11-01 06:59:49 --> Unable to connect to the database.
#0 D:\YUSYFI\KULIAH\Semester 5\Rekweb\Software\xampp\htdocs\ci4app\vendor\codeigniter4\framework\system\Database\BaseConnection.php(646): CodeIgniter\Database\BaseConnection->initialize()
#1 D:\YUSYFI\KULIAH\Semester 5\Rekweb\Software\xampp\htdocs\ci4app\vendor\codeigniter4\framework\system\Database\BaseBuilder.php(1952): CodeIgniter\Database\BaseConnection->query('SELECT COUNT(*)...', Array, false)
#2 D:\YUSYFI\KULIAH\Semester 5\Rekweb\Software\xampp\htdocs\ci4app\vendor\codeigniter4\framework\system\Model.php(1673): CodeIgniter\Database\BaseBuilder->countAllResults(false)
#3 D:\YUSYFI\KULIAH\Semester 5\Rekweb\Software\xampp\htdocs\ci4app\vendor\codeigniter4\framework\system\Model.php(1176): CodeIgniter\Model->countAllResults(false)
#4 D:\YUSYFI\KULIAH\Semester 5\Rekweb\Software\xampp\htdocs\ci4app\app\Controllers\Orang.php(31): CodeIgniter\Model->paginate(5, 'orang')
#5 D:\YUSYFI\KULIAH\Semester 5\Rekweb\Software\xampp\htdocs\ci4app\vendor\codeigniter4\framework\system\CodeIgniter.php(918): App\Controllers\Orang->index()
#6 D:\YUSYFI\KULIAH\Semester 5\Rekweb\Software\xampp\htdocs\ci4app\vendor\codeigniter4\framework\system\CodeIgniter.php(404): CodeIgniter\CodeIgniter->runController(Object(App\Controllers\Orang))
#7 D:\YUSYFI\KULIAH\Semester 5\Rekweb\Software\xampp\htdocs\ci4app\vendor\codeigniter4\framework\system\CodeIgniter.php(312): CodeIgniter\CodeIgniter->handleRequest(NULL, Object(Config\Cache), false)
#8 D:\YUSYFI\KULIAH\Semester 5\Rekweb\Software\xampp\htdocs\ci4app\public\index.php(45): CodeIgniter\CodeIgniter->run()
#9 D:\YUSYFI\KULIAH\Semester 5\Rekweb\Software\xampp\htdocs\ci4app\vendor\codeigniter4\framework\system\Commands\Server\rewrite.php(34): require_once('D:\\YUSYFI\\KULIA...')
#10 {main}
CRITICAL - 2020-11-01 07:27:39 --> Unable to connect to the database.
#0 D:\YUSYFI\KULIAH\Semester 5\Rekweb\Software\xampp\htdocs\ci4app\vendor\codeigniter4\framework\system\Database\BaseConnection.php(646): CodeIgniter\Database\BaseConnection->initialize()
#1 D:\YUSYFI\KULIAH\Semester 5\Rekweb\Software\xampp\htdocs\ci4app\vendor\codeigniter4\framework\system\Database\BaseBuilder.php(1952): CodeIgniter\Database\BaseConnection->query('SELECT COUNT(*)...', Array, false)
#2 D:\YUSYFI\KULIAH\Semester 5\Rekweb\Software\xampp\htdocs\ci4app\vendor\codeigniter4\framework\system\Model.php(1673): CodeIgniter\Database\BaseBuilder->countAllResults(false)
#3 D:\YUSYFI\KULIAH\Semester 5\Rekweb\Software\xampp\htdocs\ci4app\vendor\codeigniter4\framework\system\Model.php(1176): CodeIgniter\Model->countAllResults(false)
#4 D:\YUSYFI\KULIAH\Semester 5\Rekweb\Software\xampp\htdocs\ci4app\app\Controllers\Orang.php(31): CodeIgniter\Model->paginate(5, 'orang')
#5 D:\YUSYFI\KULIAH\Semester 5\Rekweb\Software\xampp\htdocs\ci4app\vendor\codeigniter4\framework\system\CodeIgniter.php(918): App\Controllers\Orang->index()
#6 D:\YUSYFI\KULIAH\Semester 5\Rekweb\Software\xampp\htdocs\ci4app\vendor\codeigniter4\framework\system\CodeIgniter.php(404): CodeIgniter\CodeIgniter->runController(Object(App\Controllers\Orang))
#7 D:\YUSYFI\KULIAH\Semester 5\Rekweb\Software\xampp\htdocs\ci4app\vendor\codeigniter4\framework\system\CodeIgniter.php(312): CodeIgniter\CodeIgniter->handleRequest(NULL, Object(Config\Cache), false)
#8 D:\YUSYFI\KULIAH\Semester 5\Rekweb\Software\xampp\htdocs\ci4app\public\index.php(45): CodeIgniter\CodeIgniter->run()
#9 D:\YUSYFI\KULIAH\Semester 5\Rekweb\Software\xampp\htdocs\ci4app\vendor\codeigniter4\framework\system\Commands\Server\rewrite.php(34): require_once('D:\\YUSYFI\\KULIA...')
#10 {main}
CRITICAL - 2020-11-01 07:27:45 --> Unable to connect to the database.
#0 D:\YUSYFI\KULIAH\Semester 5\Rekweb\Software\xampp\htdocs\ci4app\vendor\codeigniter4\framework\system\Database\BaseConnection.php(646): CodeIgniter\Database\BaseConnection->initialize()
#1 D:\YUSYFI\KULIAH\Semester 5\Rekweb\Software\xampp\htdocs\ci4app\vendor\codeigniter4\framework\system\Database\BaseBuilder.php(1860): CodeIgniter\Database\BaseConnection->query('SELECT *\nFROM `...', Array, false)
#2 D:\YUSYFI\KULIAH\Semester 5\Rekweb\Software\xampp\htdocs\ci4app\vendor\codeigniter4\framework\system\Model.php(462): CodeIgniter\Database\BaseBuilder->get()
#3 D:\YUSYFI\KULIAH\Semester 5\Rekweb\Software\xampp\htdocs\ci4app\app\Models\KomikModel.php(16): CodeIgniter\Model->findAll()
#4 D:\YUSYFI\KULIAH\Semester 5\Rekweb\Software\xampp\htdocs\ci4app\app\Controllers\Komik.php(21): App\Models\KomikModel->getKomik()
#5 D:\YUSYFI\KULIAH\Semester 5\Rekweb\Software\xampp\htdocs\ci4app\vendor\codeigniter4\framework\system\CodeIgniter.php(918): App\Controllers\Komik->index()
#6 D:\YUSYFI\KULIAH\Semester 5\Rekweb\Software\xampp\htdocs\ci4app\vendor\codeigniter4\framework\system\CodeIgniter.php(404): CodeIgniter\CodeIgniter->runController(Object(App\Controllers\Komik))
#7 D:\YUSYFI\KULIAH\Semester 5\Rekweb\Software\xampp\htdocs\ci4app\vendor\codeigniter4\framework\system\CodeIgniter.php(312): CodeIgniter\CodeIgniter->handleRequest(NULL, Object(Config\Cache), false)
#8 D:\YUSYFI\KULIAH\Semester 5\Rekweb\Software\xampp\htdocs\ci4app\public\index.php(45): CodeIgniter\CodeIgniter->run()
#9 D:\YUSYFI\KULIAH\Semester 5\Rekweb\Software\xampp\htdocs\ci4app\vendor\codeigniter4\framework\system\Commands\Server\rewrite.php(34): require_once('D:\\YUSYFI\\KULIA...')
#10 {main}
